<?xml version="1.0" encoding="UTF-8"?>
<!-- Generated by org.testng.reporters.JUnitReportReporter -->
<testsuite hostname="Viraj-Laptop" failures="0" tests="1" name="TestFile.Donate_E2E_Test" time="39.456" errors="0" timestamp="2022-08-16T19:59:33 IST" skipped="0">
  <testcase classname="TestFile.Donate_E2E_Test" name="verify_donation_is_done_successfully" time="39.456"/>
  <system-out/>
</testsuite> <!-- TestFile.Donate_E2E_Test -->
